<?xml version="1.0" encoding="UTF-8"?>
<!-- Generated by org.testng.reporters.JUnitReportReporter -->
<testsuite hostname="Manishas-MacBook-Pro.local" failures="0" tests="1" name="com.nov.tests.finaltest.LoginToGithub" time="1.536" errors="0" timestamp="2023-12-01T22:58:48 PST" skipped="0">
  <testcase classname="com.nov.tests.finaltest.LoginToGithub" name="nonexistdelRepo" time="1.536"/>
  <system-out/>
</testsuite> <!-- com.nov.tests.finaltest.LoginToGithub -->
